<?xml version="1.0" encoding="UTF-8"?>
<testsuite name="RectangleTest" tests="7" skipped="0" failures="0" errors="0" timestamp="2016-09-14T16:32:52" hostname="epicodus-3.local" time="0.0">
  <properties/>
  <testcase name="area_returnsTheAreaOfTheRectangle_450" classname="RectangleTest" time="0.0"/>
  <testcase name="areacalc_testsToFindTheArea_25" classname="RectangleTest" time="0.0"/>
  <testcase name="newRectangle_instantiatesCorrectly" classname="RectangleTest" time="0.0"/>
  <testcase name="getWidth_getsRectangleWidth_4" classname="RectangleTest" time="0.0"/>
  <testcase name="newRectangle_getsLengthOfRectangle_2" classname="RectangleTest" time="0.0"/>
  <testcase name="isSquare_testsToMAkeSureRectangleIsNotASquare_true" classname="RectangleTest" time="0.0"/>
  <testcase name="all_returnsAllInstancesOfRectangle_true" classname="RectangleTest" time="0.0"/>
  <system-out><![CDATA[]]></system-out>
  <system-err><![CDATA[]]></system-err>
</testsuite>
